#
# There is insufficient memory for the Java Runtime Environment to continue.
# Native memory allocation (mmap) failed to map 132120576 bytes for G1 virtual space
# Possible reasons:
#   The system is out of physical RAM or swap space
#   The process is running with CompressedOops enabled, and the Java Heap may be blocking the growth of the native heap
# Possible solutions:
#   Reduce memory load on the system
#   Increase physical memory or swap space
#   Check if swap backing store is full
#   Decrease Java heap size (-Xmx/-Xms)
#   Decrease number of Java threads
#   Decrease Java thread stack sizes (-Xss)
#   Set larger code cache with -XX:ReservedCodeCacheSize=
#   JVM is running with Unscaled Compressed Oops mode in which the Java heap is
#     placed in the first 4GB address space. The Java Heap base address is the
#     maximum limit for the native heap growth. Please use -XX:HeapBaseMinAddress
#     to set the Java Heap base and to place the Java Heap above 4GB virtual address.
# This output file may be truncated or incomplete.
#
#  Out of Memory Error (os_windows.cpp:3466), pid=14308, tid=16908
#
# JRE version:  (16.0.2+7) (build )
# Java VM: Java HotSpot(TM) 64-Bit Server VM (16.0.2+7-67, mixed mode, sharing, tiered, compressed oops, compressed class ptrs, g1 gc, windows-amd64)
# No core dump will be written. Minidumps are not enabled by default on client versions of Windows
#

---------------  S U M M A R Y ------------

Command Line: -Dfile.encoding=UTF-8 -XX:+ShowCodeDetailsInExceptionMessages BankManager

Host: Intel(R) Core(TM) i5-8265U CPU @ 1.60GHz, 8 cores, 7G,  Windows 10 , 64 bit Build 19041 (10.0.19041.1645)
Time: Thu May 19 17:52:53 2022  Windows 10 , 64 bit Build 19041 (10.0.19041.1645) elapsed time: 0.036821 seconds (0d 0h 0m 0s)

---------------  T H R E A D  ---------------

Current thread (0x000001c28b549f80):  JavaThread "Unknown thread" [_thread_in_vm, id=16908, stack(0x0000002846b00000,0x0000002846c00000)]

Stack: [0x0000002846b00000,0x0000002846c00000]
Native frames: (J=compiled Java code, j=interpreted, Vv=VM code, C=native code)
V  [jvm.dll+0x6681ca]
V  [jvm.dll+0x7c9e69]
V  [jvm.dll+0x7cb61e]
V  [jvm.dll+0x7cbc73]
V  [jvm.dll+0x242c55]
V  [jvm.dll+0x664f89]
V  [jvm.dll+0x659b75]
V  [jvm.dll+0x2fbfbb]
V  [jvm.dll+0x3031b6]
V  [jvm.dll+0x35299e]
V  [jvm.dll+0x352bcf]
V  [jvm.dll+0x2d3028]
V  [jvm.dll+0x2d4264]
V  [jvm.dll+0x79c741]
V  [jvm.dll+0x360791]
V  [jvm.dll+0x77a3f0]
V  [jvm.dll+0x3e4e8f]
V  [jvm.dll+0x3e6961]
C  [jli.dll+0x52fb]
C  [ucrtbase.dll+0x21bb2]
C  [KERNEL32.DLL+0x17034]
C  [ntdll.dll+0x52651]


---------------  P R O C E S S  ---------------

Threads class SMR info:
_java_thread_list=0x00007ffee698cbb8, length=0, elements={
}

Java Threads: ( => current thread )

Other Threads:
  0x000001c28b58abe0 GCTaskThread "GC Thread#0" [stack: 0x0000002846c00000,0x0000002846d00000] [id=20008]
  0x000001c28b59bd80 ConcurrentGCThread "G1 Main Marker" [stack: 0x0000002846d00000,0x0000002846e00000] [id=11144]
  0x000001c28b59c7f0 ConcurrentGCThread "G1 Conc#0" [stack: 0x0000002846e00000,0x0000002846f00000] [id=30340]

[error occurred during error reporting (printing all threads), id 0xc0000005, EXCEPTION_ACCESS_VIOLATION (0xc0000005) at pc=0x00007ffee6163ee7]

VM state: not at safepoint (not fully initialized)

VM Mutex/Monitor currently owned by a thread:  ([mutex/lock_event])
[0x000001c28b5471b0] Heap_lock - owner thread: 0x000001c28b549f80

Heap address: 0x0000000083200000, size: 1998 MB, Compressed Oops mode: 32-bit

CDS archive(s) mapped at: [0x0000000000000000-0x0000000000000000-0x0000000000000000), size 0, SharedBaseAddress: 0x0000000800000000, ArchiveRelocationMode: 0.
Narrow klass base: 0x0000000000000000, Narrow klass shift: 0, Narrow klass range: 0x0

GC Precious Log:
<Empty>

Heap:
 garbage-first heap   total 0K, used 0K [0x0000000083200000, 0x0000000100000000)
  region size 1024K, 0 young (0K), 0 survivors (0K)

[error occurred during error reporting (printing heap information), id 0xc0000005, EXCEPTION_ACCESS_VIOLATION (0xc0000005) at pc=0x00007ffee6541eed]

GC Heap History (0 events):
No events

Deoptimization events (0 events):
No events

Classes unloaded (0 events):
No events

Classes redefined (0 events):
No events

Internal exceptions (0 events):
No events

Events (1 events):
Event: 0.027 Loaded shared library C:\Program Files\Java\jdk-16.0.2\bin\java.dll


Dynamic libraries:
0x00007ff652b00000 - 0x00007ff652b10000 	C:\Program Files\Java\jdk-16.0.2\bin\javaw.exe
0x00007fff35890000 - 0x00007fff35a85000 	C:\WINDOWS\SYSTEM32\ntdll.dll
0x00007fff34c90000 - 0x00007fff34d4e000 	C:\WINDOWS\System32\KERNEL32.DLL
0x00007fff33170000 - 0x00007fff33438000 	C:\WINDOWS\System32\KERNELBASE.dll
0x00007fff32fe0000 - 0x00007fff330e0000 	C:\WINDOWS\System32\ucrtbase.dll
0x00007fff27650000 - 0x00007fff27669000 	C:\Program Files\Java\jdk-16.0.2\bin\VCRUNTIME140.dll
0x00007fff2b5e0000 - 0x00007fff2b5f8000 	C:\Program Files\Java\jdk-16.0.2\bin\jli.dll
0x00007fff34d50000 - 0x00007fff34dfe000 	C:\WINDOWS\System32\ADVAPI32.dll
0x00007fff35710000 - 0x00007fff357ae000 	C:\WINDOWS\System32\msvcrt.dll
0x00007fff34a50000 - 0x00007fff34aec000 	C:\WINDOWS\System32\sechost.dll
0x00007fff34af0000 - 0x00007fff34c15000 	C:\WINDOWS\System32\RPCRT4.dll
0x00007fff33aa0000 - 0x00007fff33c40000 	C:\WINDOWS\System32\USER32.dll
0x00007fff338c0000 - 0x00007fff338e2000 	C:\WINDOWS\System32\win32u.dll
0x00007fff34e80000 - 0x00007fff34eaa000 	C:\WINDOWS\System32\GDI32.dll
0x00007fff33690000 - 0x00007fff3379b000 	C:\WINDOWS\System32\gdi32full.dll
0x00007fff335a0000 - 0x00007fff3363d000 	C:\WINDOWS\System32\msvcp_win.dll
0x00007fff1a430000 - 0x00007fff1a6ca000 	C:\WINDOWS\WinSxS\amd64_microsoft.windows.common-controls_6595b64144ccf1df_6.0.19041.1110_none_60b5254171f9507e\COMCTL32.dll
0x00007fff2b910000 - 0x00007fff2b91a000 	C:\WINDOWS\SYSTEM32\VERSION.dll
0x00007fff33c40000 - 0x00007fff33c70000 	C:\WINDOWS\System32\IMM32.DLL
0x00007fff2a670000 - 0x00007fff2a67c000 	C:\Program Files\Java\jdk-16.0.2\bin\vcruntime140_1.dll
0x00007fff10220000 - 0x00007fff102b1000 	C:\Program Files\Java\jdk-16.0.2\bin\msvcp140.dll
0x00007ffee5e80000 - 0x00007ffee6a2b000 	C:\Program Files\Java\jdk-16.0.2\bin\server\jvm.dll
0x00007fff35840000 - 0x00007fff35848000 	C:\WINDOWS\System32\PSAPI.DLL
0x00007fff156e0000 - 0x00007fff156e9000 	C:\WINDOWS\SYSTEM32\WSOCK32.dll
0x00007fff1b280000 - 0x00007fff1b2a7000 	C:\WINDOWS\SYSTEM32\WINMM.dll
0x00007fff34c20000 - 0x00007fff34c8b000 	C:\WINDOWS\System32\WS2_32.dll
0x00007fff31860000 - 0x00007fff31872000 	C:\WINDOWS\SYSTEM32\kernel.appcore.dll
0x00007fff27640000 - 0x00007fff2764a000 	C:\Program Files\Java\jdk-16.0.2\bin\jimage.dll
0x00007fff30de0000 - 0x00007fff30fc4000 	C:\WINDOWS\SYSTEM32\DBGHELP.DLL
0x00007fff2f200000 - 0x00007fff2f22c000 	C:\WINDOWS\SYSTEM32\dbgcore.DLL
0x00007fff330e0000 - 0x00007fff33162000 	C:\WINDOWS\System32\bcryptPrimitives.dll
0x00007fff13c10000 - 0x00007fff13c35000 	C:\Program Files\Java\jdk-16.0.2\bin\java.dll

dbghelp: loaded successfully - version: 4.0.5 - missing functions: none
symbol engine: initialized successfully - sym options: 0x614 - pdb path: .;C:\Program Files\Java\jdk-16.0.2\bin;C:\WINDOWS\SYSTEM32;C:\WINDOWS\WinSxS\amd64_microsoft.windows.common-controls_6595b64144ccf1df_6.0.19041.1110_none_60b5254171f9507e;C:\Program Files\Java\jdk-16.0.2\bin\server

VM Arguments:
jvm_args: -Dfile.encoding=UTF-8 -XX:+ShowCodeDetailsInExceptionMessages 
java_command: BankManager
java_class_path (initial): C:\Users\82105\eclipse-workspace\BankSystem\bin
Launcher Type: SUN_STANDARD

[Global flags]
     intx CICompilerCount                          = 4                                         {product} {ergonomic}
     uint ConcGCThreads                            = 2                                         {product} {ergonomic}
     uint G1ConcRefinementThreads                  = 8                                         {product} {ergonomic}
   size_t G1HeapRegionSize                         = 1048576                                   {product} {ergonomic}
    uintx GCDrainStackTargetSize                   = 64                                        {product} {ergonomic}
   size_t InitialHeapSize                          = 132120576                                 {product} {ergonomic}
   size_t MarkStackSize                            = 4194304                                   {product} {ergonomic}
   size_t MaxHeapSize                              = 2095054848                                {product} {ergonomic}
   size_t MinHeapDeltaBytes                        = 1048576                                   {product} {ergonomic}
   size_t MinHeapSize                              = 8388608                                   {product} {ergonomic}
    uintx NonNMethodCodeHeapSize                   = 5839372                                {pd product} {ergonomic}
    uintx NonProfiledCodeHeapSize                  = 122909434                              {pd product} {ergonomic}
    uintx ProfiledCodeHeapSize                     = 122909434                              {pd product} {ergonomic}
    uintx ReservedCodeCacheSize                    = 251658240                              {pd product} {ergonomic}
     bool SegmentedCodeCache                       = true                                      {product} {ergonomic}
     bool ShowCodeDetailsInExceptionMessages       = true                                   {manageable} {command line}
   size_t SoftMaxHeapSize                          = 2095054848                             {manageable} {ergonomic}
     bool UseCompressedClassPointers               = true                           {product lp64_product} {ergonomic}
     bool UseCompressedOops                        = true                           {product lp64_product} {ergonomic}
     bool UseG1GC                                  = true                                      {product} {ergonomic}
     bool UseLargePagesIndividualAllocation        = false                                  {pd product} {ergonomic}

Logging:
Log output configuration:
 #0: stdout all=warning uptime,level,tags
 #1: stderr all=off uptime,level,tags

Environment Variables:
JAVA_HOME=C:\Program Files\Java\jdk1.8.0_301
CLASSPATH=.;.;.;C:\PROGRA~2\JMF21~1.1E\lib\sound.jar;C:\PROGRA~2\JMF21~1.1E\lib\jmf.jar;C:\PROGRA~2\JMF21~1.1E\lib;
PATH=C:\Program Files\Common Files\Oracle\Java\javapath;C:\Program Files (x86)\Common Files\Oracle\Java\javapath;C:\Program Files (x86)\Intel\Intel(R) Management Engine Components\iCLS\;C:\Program Files\Intel\Intel(R) Management Engine Components\iCLS\;C:\WINDOWS\system32;C:\WINDOWS;C:\WINDOWS\System32\Wbem;C:\WINDOWS\System32\WindowsPowerShell\v1.0\;C:\WINDOWS\System32\OpenSSH\;C:\Program Files (x86)\Intel\Intel(R) Management Engine Components\DAL;C:\Program Files\Intel\Intel(R) Management Engine Components\DAL;C:\ProgramData\chocolatey\bin;C:\Program Files\dotnet\;C:\Program Files\Git\cmd;C:\Program Files\Java\jdk-16.0.2\bin;C:\MinGW\bin;C:\Program Files\MySQL\MySQL Shell 8.0\bin\;C:\Ruby30-x64\bin;C:\Users\82105\AppData\Local\Programs\Python\Python39\Scripts\;C:\Users\82105\AppData\Local\Programs\Python\Python39\;C:\Users\82105\AppData\Local\Microsoft\WindowsApps;C:\Users\82105\AppData\Local\Android\Sdk\platform-tools;C:\Users\82105\.dotnet\tools;C:\Users\82105\AppData\Local\Programs\Microsoft VS Code\bin;C:\Users\82105\AppData\Local\GitHubDesktop\bin;C:\Program Files\JetBrains\IntelliJ IDEA Community Edition 2021.2.1\bin;;C:\Program Files\JetBrains\IntelliJ IDEA 2021.2.1\bin;;C:\MinGW\bin;
USERNAME=82105
OS=Windows_NT
PROCESSOR_IDENTIFIER=Intel64 Family 6 Model 142 Stepping 11, GenuineIntel



---------------  S Y S T E M  ---------------

OS:
 Windows 10 , 64 bit Build 19041 (10.0.19041.1645)
OS uptime: 3 days 22:59 hours

CPU: total 8 (initial active 8) (4 cores per cpu, 2 threads per core) family 6 model 142 stepping 11 microcode 0xae, cx8, cmov, fxsr, ht, mmx, 3dnowpref, sse, sse2, sse3, ssse3, sse4.1, sse4.2, popcnt, lzcnt, tsc, tscinvbit, avx, avx2, aes, erms, clmul, bmi1, bmi2, adx, fma, vzeroupper, clflush, clflushopt

Memory: 4k page, system-wide physical 7986M (739M free)
TotalPageFile size 31479M (AvailPageFile size 21M)
current process WorkingSet (physical memory assigned to process): 10M, peak: 10M
current process commit charge ("private bytes"): 60M, peak: 186M

vm_info: Java HotSpot(TM) 64-Bit Server VM (16.0.2+7-67) for windows-amd64 JRE (16.0.2+7-67), built on Jun  8 2021 23:24:19 by "mach5one" with MS VC++ 16.7 (VS2019)

END.
